#
# There is insufficient memory for the Java Runtime Environment to continue.
# Native memory allocation (malloc) failed to allocate 174080 bytes. Error detail: Chunk::new
# Possible reasons:
#   The system is out of physical RAM or swap space
#   This process is running with CompressedOops enabled, and the Java Heap may be blocking the growth of the native heap
# Possible solutions:
#   Reduce memory load on the system
#   Increase physical memory or swap space
#   Check if swap backing store is full
#   Decrease Java heap size (-Xmx/-Xms)
#   Decrease number of Java threads
#   Decrease Java thread stack sizes (-Xss)
#   Set larger code cache with -XX:ReservedCodeCacheSize=
#   JVM is running with Zero Based Compressed Oops mode in which the Java heap is
#     placed in the first 32GB address space. The Java Heap base address is the
#     maximum limit for the native heap growth. Please use -XX:HeapBaseMinAddress
#     to set the Java Heap base and to place the Java Heap above 32GB virtual address.
# This output file may be truncated or incomplete.
#
#  Out of Memory Error (arena.cpp:168), pid=1308, tid=13360
#
# JRE version: OpenJDK Runtime Environment Microsoft-10377968 (21.0.5+11) (build 21.0.5+11-LTS)
# Java VM: OpenJDK 64-Bit Server VM Microsoft-10377968 (21.0.5+11-LTS, mixed mode, sharing, tiered, compressed oops, compressed class ptrs, g1 gc, windows-amd64)
# No core dump will be written. Minidumps are not enabled by default on client versions of Windows
#

---------------  S U M M A R Y ------------

Command Line: C:\Users\20240057\AppData\Local\Temp\surefire18198874369960079738\surefirebooter-20250911172400546_3.jar C:\Users\20240057\AppData\Local\Temp\surefire18198874369960079738 2025-09-11T17-24-00_423-jvmRun1 surefire-20250911172400546_1tmp surefire_0-20250911172400546_2tmp

Host: AMD Ryzen 5 PRO 4650G with Radeon Graphics, 12 cores, 15G,  Windows 11 , 64 bit Build 26100 (10.0.26100.5074)
Time: Thu Sep 11 17:24:06 2025 Hora oficial do Brasil elapsed time: 5.646247 seconds (0d 0h 0m 5s)

---------------  T H R E A D  ---------------

Current thread (0x000002c61d796550):  JavaThread "C2 CompilerThread0" daemon [_thread_in_native, id=13360, stack(0x000000ecabe00000,0x000000ecabf00000) (1024K)]


Current CompileTask:
C2:5646 1266       4       java.util.jar.JarFile::getVersionedEntry (133 bytes)

Stack: [0x000000ecabe00000,0x000000ecabf00000]
Native frames: (J=compiled Java code, j=interpreted, Vv=VM code, C=native code)
V  [jvm.dll+0x6d44b9]
V  [jvm.dll+0x8af381]
V  [jvm.dll+0x8b18ae]
V  [jvm.dll+0x8b1f83]
V  [jvm.dll+0x2804d6]
V  [jvm.dll+0xc522d]
V  [jvm.dll+0xc5763]
V  [jvm.dll+0x3bb72c]
V  [jvm.dll+0x387f30]
V  [jvm.dll+0x3873aa]
V  [jvm.dll+0x2481d5]
V  [jvm.dll+0x2477af]
V  [jvm.dll+0x1c799f]
V  [jvm.dll+0x2575c9]
V  [jvm.dll+0x25598a]
V  [jvm.dll+0x3f54c6]
V  [jvm.dll+0x858beb]
V  [jvm.dll+0x6d2bbd]
C  [ucrtbase.dll+0x37b0]
C  [KERNEL32.DLL+0x2e8d7]
C  [ntdll.dll+0x8d9c]


---------------  P R O C E S S  ---------------

Threads class SMR info:
_java_thread_list=0x000002c663c66130, length=13, elements={
0x000002c67be27ce0, 0x000002c61d78a410, 0x000002c61d78ce70, 0x000002c61d78d8c0,
0x000002c61d792320, 0x000002c61d792d70, 0x000002c61d7937c0, 0x000002c61d796550,
0x000002c61d796fe0, 0x000002c61d900470, 0x000002c61d904ae0, 0x000002c6631ee450,
0x000002c6633a4910
}

Java Threads: ( => current thread )
  0x000002c67be27ce0 JavaThread "main"                              [_thread_in_vm, id=3256, stack(0x000000ecab000000,0x000000ecab100000) (1024K)]
  0x000002c61d78a410 JavaThread "Reference Handler"          daemon [_thread_blocked, id=13612, stack(0x000000ecab800000,0x000000ecab900000) (1024K)]
  0x000002c61d78ce70 JavaThread "Finalizer"                  daemon [_thread_blocked, id=7884, stack(0x000000ecab900000,0x000000ecaba00000) (1024K)]
  0x000002c61d78d8c0 JavaThread "Signal Dispatcher"          daemon [_thread_blocked, id=14008, stack(0x000000ecaba00000,0x000000ecabb00000) (1024K)]
  0x000002c61d792320 JavaThread "Attach Listener"            daemon [_thread_blocked, id=11836, stack(0x000000ecabb00000,0x000000ecabc00000) (1024K)]
  0x000002c61d792d70 JavaThread "Service Thread"             daemon [_thread_blocked, id=9344, stack(0x000000ecabc00000,0x000000ecabd00000) (1024K)]
  0x000002c61d7937c0 JavaThread "Monitor Deflation Thread"   daemon [_thread_blocked, id=8368, stack(0x000000ecabd00000,0x000000ecabe00000) (1024K)]
=>0x000002c61d796550 JavaThread "C2 CompilerThread0"         daemon [_thread_in_native, id=13360, stack(0x000000ecabe00000,0x000000ecabf00000) (1024K)]
  0x000002c61d796fe0 JavaThread "C1 CompilerThread0"         daemon [_thread_in_native, id=10180, stack(0x000000ecabf00000,0x000000ecac000000) (1024K)]
  0x000002c61d900470 JavaThread "Notification Thread"        daemon [_thread_blocked, id=3880, stack(0x000000ecac000000,0x000000ecac100000) (1024K)]
  0x000002c61d904ae0 JavaThread "Common-Cleaner"             daemon [_thread_blocked, id=8140, stack(0x000000ecac100000,0x000000ecac200000) (1024K)]
  0x000002c6631ee450 JavaThread "surefire-forkedjvm-stream-flusher" daemon [_thread_blocked, id=13452, stack(0x000000ecac300000,0x000000ecac400000) (1024K)]
  0x000002c6633a4910 JavaThread "surefire-forkedjvm-command-thread" daemon [_thread_in_native, id=7124, stack(0x000000ecac400000,0x000000ecac500000) (1024K)]
Total: 13

Other Threads:
  0x000002c67be122b0 VMThread "VM Thread"                           [id=4292, stack(0x000000ecab700000,0x000000ecab800000) (1024K)]
  0x000002c61d75f170 WatcherThread "VM Periodic Task Thread"        [id=11700, stack(0x000000ecab600000,0x000000ecab700000) (1024K)]
  0x000002c67be11b70 WorkerThread "GC Thread#0"                     [id=6840, stack(0x000000ecab100000,0x000000ecab200000) (1024K)]
  0x000002c67be11090 WorkerThread "GC Thread#1"                     [id=7668, stack(0x000000ecac500000,0x000000ecac600000) (1024K)]
  0x000002c67be11430 WorkerThread "GC Thread#2"                     [id=3280, stack(0x000000ecac600000,0x000000ecac700000) (1024K)]
  0x000002c67be117d0 WorkerThread "GC Thread#3"                     [id=14924, stack(0x000000ecac700000,0x000000ecac800000) (1024K)]
  0x000002c6634a36b0 WorkerThread "GC Thread#4"                     [id=8884, stack(0x000000ecac800000,0x000000ecac900000) (1024K)]
  0x000002c6634a3310 WorkerThread "GC Thread#5"                     [id=15112, stack(0x000000ecac900000,0x000000ecaca00000) (1024K)]
  0x000002c6634a5e90 WorkerThread "GC Thread#6"                     [id=13332, stack(0x000000ecaca00000,0x000000ecacb00000) (1024K)]
  0x000002c6634a3a50 WorkerThread "GC Thread#7"                     [id=5300, stack(0x000000ecacb00000,0x000000ecacc00000) (1024K)]
  0x000002c67e171ff0 ConcurrentGCThread "G1 Main Marker"            [id=14492, stack(0x000000ecab200000,0x000000ecab300000) (1024K)]
  0x000002c67be11f10 WorkerThread "G1 Conc#0"                       [id=6788, stack(0x000000ecab300000,0x000000ecab400000) (1024K)]
  0x000002c67e1be980 ConcurrentGCThread "G1 Refine#0"               [id=13828, stack(0x000000ecab400000,0x000000ecab500000) (1024K)]
  0x000002c61d6235f0 ConcurrentGCThread "G1 Service"                [id=8376, stack(0x000000ecab500000,0x000000ecab600000) (1024K)]
Total: 14

Threads with active compile tasks:
C2 CompilerThread0  5664 1266       4       java.util.jar.JarFile::getVersionedEntry (133 bytes)
C1 CompilerThread0  5664 1295       3       java.util.LinkedHashMap::valuesToArray (80 bytes)
Total: 2

VM state: not at safepoint (normal execution)

VM Mutex/Monitor currently owned by a thread: None

Heap address: 0x000000070a000000, size: 3936 MB, Compressed Oops mode: Zero based, Oop shift amount: 3

CDS archive(s) mapped at: [0x000002c61e000000-0x000002c61ec80000-0x000002c61ec80000), size 13107200, SharedBaseAddress: 0x000002c61e000000, ArchiveRelocationMode: 1.
Compressed class space mapped at: 0x000002c61f000000-0x000002c65f000000, reserved size: 1073741824
Narrow klass base: 0x000002c61e000000, Narrow klass shift: 0, Narrow klass range: 0x100000000

GC Precious Log:
 CardTable entry size: 512
 Card Set container configuration: InlinePtr #cards 4 size 8 Array Of Cards #cards 16 size 48 Howl #buckets 8 coarsen threshold 3686 Howl Bitmap #cards 512 size 80 coarsen threshold 460 Card regions per heap region 1 cards per card region 4096
 CPUs: 12 total, 12 available
 Memory: 15741M
 Large Page Support: Disabled
 NUMA Support: Disabled
 Compressed Oops: Enabled (Zero based)
 Heap Region Size: 2M
 Heap Min Capacity: 8M
 Heap Initial Capacity: 246M
 Heap Max Capacity: 3936M
 Pre-touch: Disabled
 Parallel Workers: 10
 Concurrent Workers: 3
 Concurrent Refinement Workers: 10
 Periodic GC: Disabled

Heap:
 garbage-first heap   total 251904K, used 14280K [0x000000070a000000, 0x0000000800000000)
  region size 2048K, 6 young (12288K), 2 survivors (4096K)
 Metaspace       used 6131K, committed 6208K, reserved 1114112K
  class space    used 730K, committed 768K, reserved 1048576K

Heap Regions: E=young(eden), S=young(survivor), O=old, HS=humongous(starts), HC=humongous(continues), CS=collection set, F=free, TAMS=top-at-mark-start, PB=parsable bottom
|   0|0x000000070a000000, 0x000000070a200000, 0x000000070a200000|100%| O|  |TAMS 0x000000070a000000| PB 0x000000070a000000| Untracked 
|   1|0x000000070a200000, 0x000000070a3f20e0, 0x000000070a400000| 97%| O|  |TAMS 0x000000070a200000| PB 0x000000070a200000| Untracked 
|   2|0x000000070a400000, 0x000000070a400000, 0x000000070a600000|  0%| F|  |TAMS 0x000000070a400000| PB 0x000000070a400000| Untracked 
|   3|0x000000070a600000, 0x000000070a600000, 0x000000070a800000|  0%| F|  |TAMS 0x000000070a600000| PB 0x000000070a600000| Untracked 
|   4|0x000000070a800000, 0x000000070a800000, 0x000000070aa00000|  0%| F|  |TAMS 0x000000070a800000| PB 0x000000070a800000| Untracked 
|   5|0x000000070aa00000, 0x000000070aa00000, 0x000000070ac00000|  0%| F|  |TAMS 0x000000070aa00000| PB 0x000000070aa00000| Untracked 
|   6|0x000000070ac00000, 0x000000070ac00000, 0x000000070ae00000|  0%| F|  |TAMS 0x000000070ac00000| PB 0x000000070ac00000| Untracked 
|   7|0x000000070ae00000, 0x000000070ae00000, 0x000000070b000000|  0%| F|  |TAMS 0x000000070ae00000| PB 0x000000070ae00000| Untracked 
|   8|0x000000070b000000, 0x000000070b000000, 0x000000070b200000|  0%| F|  |TAMS 0x000000070b000000| PB 0x000000070b000000| Untracked 
|   9|0x000000070b200000, 0x000000070b200000, 0x000000070b400000|  0%| F|  |TAMS 0x000000070b200000| PB 0x000000070b200000| Untracked 
|  10|0x000000070b400000, 0x000000070b400000, 0x000000070b600000|  0%| F|  |TAMS 0x000000070b400000| PB 0x000000070b400000| Untracked 
|  11|0x000000070b600000, 0x000000070b600000, 0x000000070b800000|  0%| F|  |TAMS 0x000000070b600000| PB 0x000000070b600000| Untracked 
|  12|0x000000070b800000, 0x000000070b800000, 0x000000070ba00000|  0%| F|  |TAMS 0x000000070b800000| PB 0x000000070b800000| Untracked 
|  13|0x000000070ba00000, 0x000000070ba00000, 0x000000070bc00000|  0%| F|  |TAMS 0x000000070ba00000| PB 0x000000070ba00000| Untracked 
|  14|0x000000070bc00000, 0x000000070bc00000, 0x000000070be00000|  0%| F|  |TAMS 0x000000070bc00000| PB 0x000000070bc00000| Untracked 
|  15|0x000000070be00000, 0x000000070be00000, 0x000000070c000000|  0%| F|  |TAMS 0x000000070be00000| PB 0x000000070be00000| Untracked 
|  16|0x000000070c000000, 0x000000070c000000, 0x000000070c200000|  0%| F|  |TAMS 0x000000070c000000| PB 0x000000070c000000| Untracked 
|  17|0x000000070c200000, 0x000000070c200000, 0x000000070c400000|  0%| F|  |TAMS 0x000000070c200000| PB 0x000000070c200000| Untracked 
|  18|0x000000070c400000, 0x000000070c400000, 0x000000070c600000|  0%| F|  |TAMS 0x000000070c400000| PB 0x000000070c400000| Untracked 
|  19|0x000000070c600000, 0x000000070c600000, 0x000000070c800000|  0%| F|  |TAMS 0x000000070c600000| PB 0x000000070c600000| Untracked 
|  20|0x000000070c800000, 0x000000070c800000, 0x000000070ca00000|  0%| F|  |TAMS 0x000000070c800000| PB 0x000000070c800000| Untracked 
|  21|0x000000070ca00000, 0x000000070ca00000, 0x000000070cc00000|  0%| F|  |TAMS 0x000000070ca00000| PB 0x000000070ca00000| Untracked 
|  22|0x000000070cc00000, 0x000000070cc00000, 0x000000070ce00000|  0%| F|  |TAMS 0x000000070cc00000| PB 0x000000070cc00000| Untracked 
|  23|0x000000070ce00000, 0x000000070ce00000, 0x000000070d000000|  0%| F|  |TAMS 0x000000070ce00000| PB 0x000000070ce00000| Untracked 
|  24|0x000000070d000000, 0x000000070d000000, 0x000000070d200000|  0%| F|  |TAMS 0x000000070d000000| PB 0x000000070d000000| Untracked 
|  25|0x000000070d200000, 0x000000070d200000, 0x000000070d400000|  0%| F|  |TAMS 0x000000070d200000| PB 0x000000070d200000| Untracked 
|  26|0x000000070d400000, 0x000000070d400000, 0x000000070d600000|  0%| F|  |TAMS 0x000000070d400000| PB 0x000000070d400000| Untracked 
|  27|0x000000070d600000, 0x000000070d600000, 0x000000070d800000|  0%| F|  |TAMS 0x000000070d600000| PB 0x000000070d600000| Untracked 
|  28|0x000000070d800000, 0x000000070d800000, 0x000000070da00000|  0%| F|  |TAMS 0x000000070d800000| PB 0x000000070d800000| Untracked 
|  29|0x000000070da00000, 0x000000070da00000, 0x000000070dc00000|  0%| F|  |TAMS 0x000000070da00000| PB 0x000000070da00000| Untracked 
|  30|0x000000070dc00000, 0x000000070dc00000, 0x000000070de00000|  0%| F|  |TAMS 0x000000070dc00000| PB 0x000000070dc00000| Untracked 
|  31|0x000000070de00000, 0x000000070de00000, 0x000000070e000000|  0%| F|  |TAMS 0x000000070de00000| PB 0x000000070de00000| Untracked 
|  32|0x000000070e000000, 0x000000070e000000, 0x000000070e200000|  0%| F|  |TAMS 0x000000070e000000| PB 0x000000070e000000| Untracked 
|  33|0x000000070e200000, 0x000000070e200000, 0x000000070e400000|  0%| F|  |TAMS 0x000000070e200000| PB 0x000000070e200000| Untracked 
|  34|0x000000070e400000, 0x000000070e400000, 0x000000070e600000|  0%| F|  |TAMS 0x000000070e400000| PB 0x000000070e400000| Untracked 
|  35|0x000000070e600000, 0x000000070e600000, 0x000000070e800000|  0%| F|  |TAMS 0x000000070e600000| PB 0x000000070e600000| Untracked 
|  36|0x000000070e800000, 0x000000070e800000, 0x000000070ea00000|  0%| F|  |TAMS 0x000000070e800000| PB 0x000000070e800000| Untracked 
|  37|0x000000070ea00000, 0x000000070ea00000, 0x000000070ec00000|  0%| F|  |TAMS 0x000000070ea00000| PB 0x000000070ea00000| Untracked 
|  38|0x000000070ec00000, 0x000000070ec00000, 0x000000070ee00000|  0%| F|  |TAMS 0x000000070ec00000| PB 0x000000070ec00000| Untracked 
|  39|0x000000070ee00000, 0x000000070ee00000, 0x000000070f000000|  0%| F|  |TAMS 0x000000070ee00000| PB 0x000000070ee00000| Untracked 
|  40|0x000000070f000000, 0x000000070f000000, 0x000000070f200000|  0%| F|  |TAMS 0x000000070f000000| PB 0x000000070f000000| Untracked 
|  41|0x000000070f200000, 0x000000070f200000, 0x000000070f400000|  0%| F|  |TAMS 0x000000070f200000| PB 0x000000070f200000| Untracked 
|  42|0x000000070f400000, 0x000000070f400000, 0x000000070f600000|  0%| F|  |TAMS 0x000000070f400000| PB 0x000000070f400000| Untracked 
|  43|0x000000070f600000, 0x000000070f600000, 0x000000070f800000|  0%| F|  |TAMS 0x000000070f600000| PB 0x000000070f600000| Untracked 
|  44|0x000000070f800000, 0x000000070f800000, 0x000000070fa00000|  0%| F|  |TAMS 0x000000070f800000| PB 0x000000070f800000| Untracked 
|  45|0x000000070fa00000, 0x000000070fa00000, 0x000000070fc00000|  0%| F|  |TAMS 0x000000070fa00000| PB 0x000000070fa00000| Untracked 
|  46|0x000000070fc00000, 0x000000070fc00000, 0x000000070fe00000|  0%| F|  |TAMS 0x000000070fc00000| PB 0x000000070fc00000| Untracked 
|  47|0x000000070fe00000, 0x000000070fe00000, 0x0000000710000000|  0%| F|  |TAMS 0x000000070fe00000| PB 0x000000070fe00000| Untracked 
|  48|0x0000000710000000, 0x0000000710000000, 0x0000000710200000|  0%| F|  |TAMS 0x0000000710000000| PB 0x0000000710000000| Untracked 
|  49|0x0000000710200000, 0x0000000710200000, 0x0000000710400000|  0%| F|  |TAMS 0x0000000710200000| PB 0x0000000710200000| Untracked 
|  50|0x0000000710400000, 0x0000000710400000, 0x0000000710600000|  0%| F|  |TAMS 0x0000000710400000| PB 0x0000000710400000| Untracked 
|  51|0x0000000710600000, 0x0000000710600000, 0x0000000710800000|  0%| F|  |TAMS 0x0000000710600000| PB 0x0000000710600000| Untracked 
|  52|0x0000000710800000, 0x0000000710800000, 0x0000000710a00000|  0%| F|  |TAMS 0x0000000710800000| PB 0x0000000710800000| Untracked 
|  53|0x0000000710a00000, 0x0000000710a00000, 0x0000000710c00000|  0%| F|  |TAMS 0x0000000710a00000| PB 0x0000000710a00000| Untracked 
|  54|0x0000000710c00000, 0x0000000710c00000, 0x0000000710e00000|  0%| F|  |TAMS 0x0000000710c00000| PB 0x0000000710c00000| Untracked 
|  55|0x0000000710e00000, 0x0000000710e00000, 0x0000000711000000|  0%| F|  |TAMS 0x0000000710e00000| PB 0x0000000710e00000| Untracked 
|  56|0x0000000711000000, 0x0000000711000000, 0x0000000711200000|  0%| F|  |TAMS 0x0000000711000000| PB 0x0000000711000000| Untracked 
|  57|0x0000000711200000, 0x0000000711200000, 0x0000000711400000|  0%| F|  |TAMS 0x0000000711200000| PB 0x0000000711200000| Untracked 
|  58|0x0000000711400000, 0x0000000711400000, 0x0000000711600000|  0%| F|  |TAMS 0x0000000711400000| PB 0x0000000711400000| Untracked 
|  59|0x0000000711600000, 0x0000000711600000, 0x0000000711800000|  0%| F|  |TAMS 0x0000000711600000| PB 0x0000000711600000| Untracked 
|  60|0x0000000711800000, 0x0000000711800000, 0x0000000711a00000|  0%| F|  |TAMS 0x0000000711800000| PB 0x0000000711800000| Untracked 
|  61|0x0000000711a00000, 0x0000000711a00000, 0x0000000711c00000|  0%| F|  |TAMS 0x0000000711a00000| PB 0x0000000711a00000| Untracked 
|  62|0x0000000711c00000, 0x0000000711c00000, 0x0000000711e00000|  0%| F|  |TAMS 0x0000000711c00000| PB 0x0000000711c00000| Untracked 
|  63|0x0000000711e00000, 0x0000000711e00000, 0x0000000712000000|  0%| F|  |TAMS 0x0000000711e00000| PB 0x0000000711e00000| Untracked 
|  64|0x0000000712000000, 0x0000000712000000, 0x0000000712200000|  0%| F|  |TAMS 0x0000000712000000| PB 0x0000000712000000| Untracked 
|  65|0x0000000712200000, 0x0000000712200000, 0x0000000712400000|  0%| F|  |TAMS 0x0000000712200000| PB 0x0000000712200000| Untracked 
|  66|0x0000000712400000, 0x0000000712400000, 0x0000000712600000|  0%| F|  |TAMS 0x0000000712400000| PB 0x0000000712400000| Untracked 
|  67|0x0000000712600000, 0x0000000712600000, 0x0000000712800000|  0%| F|  |TAMS 0x0000000712600000| PB 0x0000000712600000| Untracked 
|  68|0x0000000712800000, 0x0000000712800000, 0x0000000712a00000|  0%| F|  |TAMS 0x0000000712800000| PB 0x0000000712800000| Untracked 
|  69|0x0000000712a00000, 0x0000000712a00000, 0x0000000712c00000|  0%| F|  |TAMS 0x0000000712a00000| PB 0x0000000712a00000| Untracked 
|  70|0x0000000712c00000, 0x0000000712c00000, 0x0000000712e00000|  0%| F|  |TAMS 0x0000000712c00000| PB 0x0000000712c00000| Untracked 
|  71|0x0000000712e00000, 0x0000000712e00000, 0x0000000713000000|  0%| F|  |TAMS 0x0000000712e00000| PB 0x0000000712e00000| Untracked 
|  72|0x0000000713000000, 0x0000000713000000, 0x0000000713200000|  0%| F|  |TAMS 0x0000000713000000| PB 0x0000000713000000| Untracked 
|  73|0x0000000713200000, 0x0000000713200000, 0x0000000713400000|  0%| F|  |TAMS 0x0000000713200000| PB 0x0000000713200000| Untracked 
|  74|0x0000000713400000, 0x0000000713400000, 0x0000000713600000|  0%| F|  |TAMS 0x0000000713400000| PB 0x0000000713400000| Untracked 
|  75|0x0000000713600000, 0x0000000713600000, 0x0000000713800000|  0%| F|  |TAMS 0x0000000713600000| PB 0x0000000713600000| Untracked 
|  76|0x0000000713800000, 0x0000000713800000, 0x0000000713a00000|  0%| F|  |TAMS 0x0000000713800000| PB 0x0000000713800000| Untracked 
|  77|0x0000000713a00000, 0x0000000713a00000, 0x0000000713c00000|  0%| F|  |TAMS 0x0000000713a00000| PB 0x0000000713a00000| Untracked 
|  78|0x0000000713c00000, 0x0000000713c00000, 0x0000000713e00000|  0%| F|  |TAMS 0x0000000713c00000| PB 0x0000000713c00000| Untracked 
|  79|0x0000000713e00000, 0x0000000713e00000, 0x0000000714000000|  0%| F|  |TAMS 0x0000000713e00000| PB 0x0000000713e00000| Untracked 
|  80|0x0000000714000000, 0x0000000714000000, 0x0000000714200000|  0%| F|  |TAMS 0x0000000714000000| PB 0x0000000714000000| Untracked 
|  81|0x0000000714200000, 0x0000000714200000, 0x0000000714400000|  0%| F|  |TAMS 0x0000000714200000| PB 0x0000000714200000| Untracked 
|  82|0x0000000714400000, 0x0000000714400000, 0x0000000714600000|  0%| F|  |TAMS 0x0000000714400000| PB 0x0000000714400000| Untracked 
|  83|0x0000000714600000, 0x0000000714600000, 0x0000000714800000|  0%| F|  |TAMS 0x0000000714600000| PB 0x0000000714600000| Untracked 
|  84|0x0000000714800000, 0x0000000714800000, 0x0000000714a00000|  0%| F|  |TAMS 0x0000000714800000| PB 0x0000000714800000| Untracked 
|  85|0x0000000714a00000, 0x0000000714a00000, 0x0000000714c00000|  0%| F|  |TAMS 0x0000000714a00000| PB 0x0000000714a00000| Untracked 
|  86|0x0000000714c00000, 0x0000000714c00000, 0x0000000714e00000|  0%| F|  |TAMS 0x0000000714c00000| PB 0x0000000714c00000| Untracked 
|  87|0x0000000714e00000, 0x0000000714e00000, 0x0000000715000000|  0%| F|  |TAMS 0x0000000714e00000| PB 0x0000000714e00000| Untracked 
|  88|0x0000000715000000, 0x0000000715000000, 0x0000000715200000|  0%| F|  |TAMS 0x0000000715000000| PB 0x0000000715000000| Untracked 
|  89|0x0000000715200000, 0x0000000715200000, 0x0000000715400000|  0%| F|  |TAMS 0x0000000715200000| PB 0x0000000715200000| Untracked 
|  90|0x0000000715400000, 0x0000000715400000, 0x0000000715600000|  0%| F|  |TAMS 0x0000000715400000| PB 0x0000000715400000| Untracked 
|  91|0x0000000715600000, 0x0000000715600000, 0x0000000715800000|  0%| F|  |TAMS 0x0000000715600000| PB 0x0000000715600000| Untracked 
|  92|0x0000000715800000, 0x0000000715800000, 0x0000000715a00000|  0%| F|  |TAMS 0x0000000715800000| PB 0x0000000715800000| Untracked 
|  93|0x0000000715a00000, 0x0000000715a00000, 0x0000000715c00000|  0%| F|  |TAMS 0x0000000715a00000| PB 0x0000000715a00000| Untracked 
|  94|0x0000000715c00000, 0x0000000715c00000, 0x0000000715e00000|  0%| F|  |TAMS 0x0000000715c00000| PB 0x0000000715c00000| Untracked 
|  95|0x0000000715e00000, 0x0000000715e00000, 0x0000000716000000|  0%| F|  |TAMS 0x0000000715e00000| PB 0x0000000715e00000| Untracked 
|  96|0x0000000716000000, 0x0000000716000000, 0x0000000716200000|  0%| F|  |TAMS 0x0000000716000000| PB 0x0000000716000000| Untracked 
|  97|0x0000000716200000, 0x0000000716200000, 0x0000000716400000|  0%| F|  |TAMS 0x0000000716200000| PB 0x0000000716200000| Untracked 
|  98|0x0000000716400000, 0x0000000716400000, 0x0000000716600000|  0%| F|  |TAMS 0x0000000716400000| PB 0x0000000716400000| Untracked 
|  99|0x0000000716600000, 0x0000000716600000, 0x0000000716800000|  0%| F|  |TAMS 0x0000000716600000| PB 0x0000000716600000| Untracked 
| 100|0x0000000716800000, 0x0000000716800000, 0x0000000716a00000|  0%| F|  |TAMS 0x0000000716800000| PB 0x0000000716800000| Untracked 
| 101|0x0000000716a00000, 0x0000000716a00000, 0x0000000716c00000|  0%| F|  |TAMS 0x0000000716a00000| PB 0x0000000716a00000| Untracked 
| 102|0x0000000716c00000, 0x0000000716c00000, 0x0000000716e00000|  0%| F|  |TAMS 0x0000000716c00000| PB 0x0000000716c00000| Untracked 
| 103|0x0000000716e00000, 0x0000000716e00000, 0x0000000717000000|  0%| F|  |TAMS 0x0000000716e00000| PB 0x0000000716e00000| Untracked 
| 104|0x0000000717000000, 0x0000000717000000, 0x0000000717200000|  0%| F|  |TAMS 0x0000000717000000| PB 0x0000000717000000| Untracked 
| 105|0x0000000717200000, 0x0000000717200000, 0x0000000717400000|  0%| F|  |TAMS 0x0000000717200000| PB 0x0000000717200000| Untracked 
| 106|0x0000000717400000, 0x0000000717400000, 0x0000000717600000|  0%| F|  |TAMS 0x0000000717400000| PB 0x0000000717400000| Untracked 
| 107|0x0000000717600000, 0x0000000717600000, 0x0000000717800000|  0%| F|  |TAMS 0x0000000717600000| PB 0x0000000717600000| Untracked 
| 108|0x0000000717800000, 0x0000000717800000, 0x0000000717a00000|  0%| F|  |TAMS 0x0000000717800000| PB 0x0000000717800000| Untracked 
| 109|0x0000000717a00000, 0x0000000717a00000, 0x0000000717c00000|  0%| F|  |TAMS 0x0000000717a00000| PB 0x0000000717a00000| Untracked 
| 110|0x0000000717c00000, 0x0000000717e00000, 0x0000000717e00000|100%| S|CS|TAMS 0x0000000717c00000| PB 0x0000000717c00000| Complete 
| 111|0x0000000717e00000, 0x0000000718000000, 0x0000000718000000|100%| S|CS|TAMS 0x0000000717e00000| PB 0x0000000717e00000| Complete 
| 112|0x0000000718000000, 0x0000000718000000, 0x0000000718200000|  0%| F|  |TAMS 0x0000000718000000| PB 0x0000000718000000| Untracked 
| 113|0x0000000718200000, 0x0000000718200000, 0x0000000718400000|  0%| F|  |TAMS 0x0000000718200000| PB 0x0000000718200000| Untracked 
| 114|0x0000000718400000, 0x0000000718400000, 0x0000000718600000|  0%| F|  |TAMS 0x0000000718400000| PB 0x0000000718400000| Untracked 
| 115|0x0000000718600000, 0x0000000718600000, 0x0000000718800000|  0%| F|  |TAMS 0x0000000718600000| PB 0x0000000718600000| Untracked 
| 116|0x0000000718800000, 0x0000000718800000, 0x0000000718a00000|  0%| F|  |TAMS 0x0000000718800000| PB 0x0000000718800000| Untracked 
| 117|0x0000000718a00000, 0x0000000718a00000, 0x0000000718c00000|  0%| F|  |TAMS 0x0000000718a00000| PB 0x0000000718a00000| Untracked 
| 118|0x0000000718c00000, 0x0000000718c00000, 0x0000000718e00000|  0%| F|  |TAMS 0x0000000718c00000| PB 0x0000000718c00000| Untracked 
| 119|0x0000000718e00000, 0x0000000718f5a7b0, 0x0000000719000000| 67%| E|  |TAMS 0x0000000718e00000| PB 0x0000000718e00000| Complete 
| 120|0x0000000719000000, 0x0000000719200000, 0x0000000719200000|100%| E|CS|TAMS 0x0000000719000000| PB 0x0000000719000000| Complete 
| 121|0x0000000719200000, 0x0000000719400000, 0x0000000719400000|100%| E|CS|TAMS 0x0000000719200000| PB 0x0000000719200000| Complete 
| 122|0x0000000719400000, 0x0000000719600000, 0x0000000719600000|100%| E|CS|TAMS 0x0000000719400000| PB 0x0000000719400000| Complete 

Card table byte_map: [0x000002c67eed0000,0x000002c67f680000] _byte_map_base: 0x000002c67b680000

Marking Bits: (CMBitMap*) 0x000002c67e162110
 Bits: [0x000002c617620000, 0x000002c61b3a0000)

Polling page: 0x000002c67c320000

Metaspace:

Usage:
  Non-class:      5.31 MB used.
      Class:    736.96 KB used.
       Both:      6.03 MB used.

Virtual space:
  Non-class space:       64.00 MB reserved,       5.44 MB (  8%) committed,  1 nodes.
      Class space:        1.00 GB reserved,     768.00 KB ( <1%) committed,  1 nodes.
             Both:        1.06 GB reserved,       6.19 MB ( <1%) committed. 

Chunk freelists:
   Non-Class:  9.30 MB
       Class:  15.25 MB
        Both:  24.55 MB

MaxMetaspaceSize: unlimited
CompressedClassSpaceSize: 1.00 GB
Initial GC threshold: 21.00 MB
Current GC threshold: 21.00 MB
CDS: on
 - commit_granule_bytes: 65536.
 - commit_granule_words: 8192.
 - virtual_space_node_default_size: 8388608.
 - enlarge_chunks_in_place: 1.
 - use_allocation_guard: 0.


Internal statistics:

num_allocs_failed_limit: 0.
num_arena_births: 82.
num_arena_deaths: 0.
num_vsnodes_births: 2.
num_vsnodes_deaths: 0.
num_space_committed: 99.
num_space_uncommitted: 0.
num_chunks_returned_to_freelist: 0.
num_chunks_taken_from_freelist: 290.
num_chunk_merges: 0.
num_chunk_splits: 156.
num_chunks_enlarged: 100.
num_inconsistent_stats: 0.

CodeHeap 'non-profiled nmethods': size=120000Kb used=428Kb max_used=428Kb free=119571Kb
 bounds [0x000002c6100f0000, 0x000002c610360000, 0x000002c617620000]
CodeHeap 'profiled nmethods': size=120000Kb used=2428Kb max_used=2428Kb free=117571Kb
 bounds [0x000002c608620000, 0x000002c608890000, 0x000002c60fb50000]
CodeHeap 'non-nmethods': size=5760Kb used=1351Kb max_used=1376Kb free=4408Kb
 bounds [0x000002c60fb50000, 0x000002c60fdc0000, 0x000002c6100f0000]
 total_blobs=1752 nmethods=1295 adapters=362
 compilation: enabled
              stopped_count=0, restarted_count=0
 full_count=0

Compilation events (20 events):
Event: 1.596 Thread 0x000002c61d796fe0 nmethod 1262 0x000002c608869290 code [0x000002c608869440, 0x000002c608869580]
Event: 1.597 Thread 0x000002c61d796fe0 1263       3       java.lang.Module::isExported (18 bytes)
Event: 1.597 Thread 0x000002c61d796fe0 nmethod 1263 0x000002c608869690 code [0x000002c608869880, 0x000002c608869c78]
Event: 1.599 Thread 0x000002c61dbaade0 nmethod 1256 0x000002c61015a290 code [0x000002c61015a460, 0x000002c61015ab90]
Event: 1.601 Thread 0x000002c61d796fe0 1264       3       sun.net.www.ParseUtil::match (50 bytes)
Event: 1.601 Thread 0x000002c61d796fe0 nmethod 1264 0x000002c608869e10 code [0x000002c608869fc0, 0x000002c60886a230]
Event: 1.604 Thread 0x000002c61d796fe0 1265       3       java.security.SecureClassLoader::defineClass (16 bytes)
Event: 1.604 Thread 0x000002c61d796fe0 nmethod 1265 0x000002c60886a310 code [0x000002c60886a4c0, 0x000002c60886a668]
Event: 1.606 Thread 0x000002c61d796550 1266       4       java.util.jar.JarFile::getVersionedEntry (133 bytes)
Event: 1.610 Thread 0x000002c61d796fe0 1267       3       jdk.internal.org.objectweb.asm.ClassVisitor::<init> (78 bytes)
Event: 1.611 Thread 0x000002c61d796fe0 nmethod 1267 0x000002c60886a790 code [0x000002c60886a9c0, 0x000002c60886b160]
Event: 1.611 Thread 0x000002c61d796fe0 1268       3       jdk.internal.org.objectweb.asm.SymbolTable::<init> (41 bytes)
Event: 1.611 Thread 0x000002c61d796fe0 nmethod 1268 0x000002c60886b410 code [0x000002c60886b5e0, 0x000002c60886bb68]
Event: 1.611 Thread 0x000002c61d796fe0 1269       3       java.lang.invoke.MethodHandles$Lookup::resolveOrFail (44 bytes)
Event: 1.612 Thread 0x000002c61d796fe0 nmethod 1269 0x000002c60886bc90 code [0x000002c60886bf40, 0x000002c60886cb00]
Event: 1.612 Thread 0x000002c61d796fe0 1270       3       java.lang.invoke.MethodHandles$Lookup::getDirectMethodForConstant (72 bytes)
Event: 1.613 Thread 0x000002c61d796fe0 nmethod 1270 0x000002c60886cf10 code [0x000002c60886d260, 0x000002c60886e338]
Event: 1.613 Thread 0x000002c61d796fe0 1272       3       java.lang.invoke.DirectMethodHandle::makeAllocator (137 bytes)
Event: 1.613 Thread 0x000002c61d796fe0 nmethod 1272 0x000002c60886e910 code [0x000002c60886eb20, 0x000002c60886efb0]
Event: 1.613 Thread 0x000002c61d796fe0 1271   !   3       java.lang.invoke.MethodHandles$Lookup::canBeCached (150 bytes)

GC Heap History (2 events):
Event: 1.474 GC heap before
{Heap before GC invocations=0 (full 0):
 garbage-first heap   total 251904K, used 20480K [0x000000070a000000, 0x0000000800000000)
  region size 2048K, 11 young (22528K), 0 survivors (0K)
 Metaspace       used 4391K, committed 4608K, reserved 1114112K
  class space    used 457K, committed 576K, reserved 1048576K
}
Event: 1.478 GC heap after
{Heap after GC invocations=1 (full 0):
 garbage-first heap   total 251904K, used 8136K [0x000000070a000000, 0x0000000800000000)
  region size 2048K, 2 young (4096K), 2 survivors (4096K)
 Metaspace       used 4391K, committed 4608K, reserved 1114112K
  class space    used 457K, committed 576K, reserved 1048576K
}

Dll operation events (8 events):
Event: 0.005 Loaded shared library C:\Program Files\Microsoft\jdk-21.0.5.11-hotspot\bin\java.dll
Event: 0.947 Loaded shared library C:\Program Files\Microsoft\jdk-21.0.5.11-hotspot\bin\jsvml.dll
Event: 0.960 Loaded shared library C:\Program Files\Microsoft\jdk-21.0.5.11-hotspot\bin\net.dll
Event: 0.961 Loaded shared library C:\Program Files\Microsoft\jdk-21.0.5.11-hotspot\bin\nio.dll
Event: 0.964 Loaded shared library C:\Program Files\Microsoft\jdk-21.0.5.11-hotspot\bin\zip.dll
Event: 1.007 Loaded shared library C:\Program Files\Microsoft\jdk-21.0.5.11-hotspot\bin\management.dll
Event: 1.012 Loaded shared library C:\Program Files\Microsoft\jdk-21.0.5.11-hotspot\bin\management_ext.dll
Event: 1.023 Loaded shared library C:\Program Files\Microsoft\jdk-21.0.5.11-hotspot\bin\jimage.dll

Deoptimization events (20 events):
Event: 1.452 Thread 0x000002c67be27ce0 DEOPT PACKING pc=0x000002c6086a75c3 sp=0x000000ecab0fb410
Event: 1.452 Thread 0x000002c67be27ce0 DEOPT UNPACKING pc=0x000002c60fba4e42 sp=0x000000ecab0fa888 mode 0
Event: 1.524 Thread 0x000002c67be27ce0 Uncommon trap: trap_request=0xffffffde fr.pc=0x000002c610152f44 relative=0x0000000000000124
Event: 1.524 Thread 0x000002c67be27ce0 Uncommon trap: reason=class_check action=maybe_recompile pc=0x000002c610152f44 method=jdk.internal.misc.Unsafe.allocateUninitializedArray(Ljava/lang/Class;I)Ljava/lang/Object; @ 51 c2
Event: 1.524 Thread 0x000002c67be27ce0 DEOPT PACKING pc=0x000002c610152f44 sp=0x000000ecab0fd1e0
Event: 1.524 Thread 0x000002c67be27ce0 DEOPT UNPACKING pc=0x000002c60fba46a2 sp=0x000000ecab0fd158 mode 2
Event: 1.524 Thread 0x000002c67be27ce0 Uncommon trap: trap_request=0xffffffde fr.pc=0x000002c610152f44 relative=0x0000000000000124
Event: 1.524 Thread 0x000002c67be27ce0 Uncommon trap: reason=class_check action=maybe_recompile pc=0x000002c610152f44 method=jdk.internal.misc.Unsafe.allocateUninitializedArray(Ljava/lang/Class;I)Ljava/lang/Object; @ 51 c2
Event: 1.524 Thread 0x000002c67be27ce0 DEOPT PACKING pc=0x000002c610152f44 sp=0x000000ecab0fd170
Event: 1.524 Thread 0x000002c67be27ce0 DEOPT UNPACKING pc=0x000002c60fba46a2 sp=0x000000ecab0fd0e8 mode 2
Event: 1.524 Thread 0x000002c67be27ce0 Uncommon trap: trap_request=0xffffffde fr.pc=0x000002c610152f44 relative=0x0000000000000124
Event: 1.524 Thread 0x000002c67be27ce0 Uncommon trap: reason=class_check action=maybe_recompile pc=0x000002c610152f44 method=jdk.internal.misc.Unsafe.allocateUninitializedArray(Ljava/lang/Class;I)Ljava/lang/Object; @ 51 c2
Event: 1.524 Thread 0x000002c67be27ce0 DEOPT PACKING pc=0x000002c610152f44 sp=0x000000ecab0fd0f0
Event: 1.524 Thread 0x000002c67be27ce0 DEOPT UNPACKING pc=0x000002c60fba46a2 sp=0x000000ecab0fd068 mode 2
Event: 1.524 Thread 0x000002c67be27ce0 Uncommon trap: trap_request=0xffffffde fr.pc=0x000002c610152f44 relative=0x0000000000000124
Event: 1.524 Thread 0x000002c67be27ce0 Uncommon trap: reason=class_check action=maybe_recompile pc=0x000002c610152f44 method=jdk.internal.misc.Unsafe.allocateUninitializedArray(Ljava/lang/Class;I)Ljava/lang/Object; @ 51 c2
Event: 1.524 Thread 0x000002c67be27ce0 DEOPT PACKING pc=0x000002c610152f44 sp=0x000000ecab0fd130
Event: 1.524 Thread 0x000002c67be27ce0 DEOPT UNPACKING pc=0x000002c60fba46a2 sp=0x000000ecab0fd0a8 mode 2
Event: 1.551 Thread 0x000002c67be27ce0 DEOPT PACKING pc=0x000002c608715645 sp=0x000000ecab0fd970
Event: 1.551 Thread 0x000002c67be27ce0 DEOPT UNPACKING pc=0x000002c60fba4e42 sp=0x000000ecab0fce78 mode 0

Classes loaded (20 events):
Event: 1.565 Loading class java/util/Comparators$NaturalOrderComparator
Event: 1.565 Loading class java/util/Comparators$NaturalOrderComparator done
Event: 1.567 Loading class java/util/concurrent/locks/ReentrantReadWriteLock
Event: 1.567 Loading class java/util/concurrent/locks/ReentrantReadWriteLock done
Event: 1.567 Loading class java/util/concurrent/locks/ReentrantReadWriteLock$NonfairSync
Event: 1.567 Loading class java/util/concurrent/locks/ReentrantReadWriteLock$Sync
Event: 1.567 Loading class java/util/concurrent/locks/ReentrantReadWriteLock$Sync done
Event: 1.567 Loading class java/util/concurrent/locks/ReentrantReadWriteLock$NonfairSync done
Event: 1.567 Loading class java/util/concurrent/locks/ReentrantReadWriteLock$Sync$ThreadLocalHoldCounter
Event: 1.567 Loading class java/util/concurrent/locks/ReentrantReadWriteLock$Sync$ThreadLocalHoldCounter done
Event: 1.567 Loading class java/util/concurrent/locks/ReentrantReadWriteLock$ReadLock
Event: 1.568 Loading class java/util/concurrent/locks/ReentrantReadWriteLock$ReadLock done
Event: 1.568 Loading class java/util/concurrent/locks/ReentrantReadWriteLock$WriteLock
Event: 1.568 Loading class java/util/concurrent/locks/ReentrantReadWriteLock$WriteLock done
Event: 1.571 Loading class java/util/ArrayDeque$DeqSpliterator
Event: 1.571 Loading class java/util/ArrayDeque$DeqSpliterator done
Event: 1.592 Loading class java/util/concurrent/CancellationException
Event: 1.592 Loading class java/util/concurrent/CancellationException done
Event: 1.612 Loading class java/util/stream/SortedOps$RefSortingSink
Event: 1.613 Loading class java/util/stream/SortedOps$RefSortingSink done

Classes unloaded (0 events):
No events

Classes redefined (0 events):
No events

Internal exceptions (20 events):
Event: 1.443 Thread 0x000002c67be27ce0 Exception <a 'java/lang/NoSuchMethodError'{0x0000000718077c38}: 'java.lang.Object java.lang.invoke.DirectMethodHandle$Holder.newInvokeSpecial(java.lang.Object, java.lang.Object, java.lang.Object, java.lang.Object, java.lang.Object)'> (0x0000000718077c38) 
thrown [s\src\hotspot\share\interpreter\linkResolver.cpp, line 773]
Event: 1.493 Thread 0x000002c67be27ce0 Exception <a 'java/lang/NoSuchMethodError'{0x00000007194e75f8}: 'java.lang.Object java.lang.invoke.DirectMethodHandle$Holder.invokeSpecialIFC(java.lang.Object, java.lang.Object, java.lang.Object, java.lang.Object)'> (0x00000007194e75f8) 
thrown [s\src\hotspot\share\interpreter\linkResolver.cpp, line 773]
Event: 1.496 Thread 0x000002c67be27ce0 Exception <a 'java/lang/NoSuchMethodError'{0x00000007194fe970}: 'java.lang.Object java.lang.invoke.DirectMethodHandle$Holder.invokeInterface(java.lang.Object, java.lang.Object, java.lang.Object)'> (0x00000007194fe970) 
thrown [s\src\hotspot\share\interpreter\linkResolver.cpp, line 773]
Event: 1.505 Thread 0x000002c67be27ce0 Exception <a 'java/lang/NoSuchMethodError'{0x0000000719588f98}: 'void java.lang.invoke.DirectMethodHandle$Holder.invokeInterface(java.lang.Object, java.lang.Object, java.lang.Object)'> (0x0000000719588f98) 
thrown [s\src\hotspot\share\interpreter\linkResolver.cpp, line 773]
Event: 1.511 Thread 0x000002c67be27ce0 Exception <a 'java/lang/NoSuchMethodError'{0x00000007195d8e70}: 'java.lang.Object java.lang.invoke.DirectMethodHandle$Holder.newInvokeSpecial(java.lang.Object, java.lang.Object, java.lang.Object, java.lang.Object, java.lang.Object, java.lang.Object)'> (0x00000007195d8e70) 
thrown [s\src\hotspot\share\interpreter\linkResolver.cpp, line 773]
Event: 1.516 Thread 0x000002c67be27ce0 Exception <a 'java/lang/NoSuchMethodError'{0x0000000719220948}: 'void java.lang.invoke.DirectMethodHandle$Holder.invokeInterface(java.lang.Object, java.lang.Object, java.lang.Object, java.lang.Object, java.lang.Object)'> (0x0000000719220948) 
thrown [s\src\hotspot\share\interpreter\linkResolver.cpp, line 773]
Event: 1.516 Thread 0x000002c67be27ce0 Exception <a 'java/lang/IncompatibleClassChangeError'{0x0000000719224608}: Found class java.lang.Object, but interface was expected> (0x0000000719224608) 
thrown [s\src\hotspot\share\interpreter\linkResolver.cpp, line 840]
Event: 1.520 Thread 0x000002c67be27ce0 Exception <a 'java/lang/IncompatibleClassChangeError'{0x000000071924d998}: Found class java.lang.Object, but interface was expected> (0x000000071924d998) 
thrown [s\src\hotspot\share\interpreter\linkResolver.cpp, line 840]
Event: 1.522 Thread 0x000002c67be27ce0 Exception <a 'java/lang/NoSuchMethodError'{0x000000071926b658}: 'java.lang.Object java.lang.invoke.DirectMethodHandle$Holder.invokeStatic(java.lang.Object, java.lang.Object, int)'> (0x000000071926b658) 
thrown [s\src\hotspot\share\interpreter\linkResolver.cpp, line 773]
Event: 1.529 Thread 0x000002c67be27ce0 Exception <a 'java/lang/NoSuchMethodError'{0x00000007192af7f8}: 'void java.lang.invoke.DirectMethodHandle$Holder.invokeSpecial(java.lang.Object, java.lang.Object, java.lang.Object, java.lang.Object, java.lang.Object)'> (0x00000007192af7f8) 
thrown [s\src\hotspot\share\interpreter\linkResolver.cpp, line 773]
Event: 1.540 Thread 0x000002c67be27ce0 Exception <a 'java/lang/NoSuchMethodError'{0x000000071930bdb8}: 'long java.lang.invoke.DirectMethodHandle$Holder.invokeSpecial(java.lang.Object, java.lang.Object)'> (0x000000071930bdb8) 
thrown [s\src\hotspot\share\interpreter\linkResolver.cpp, line 773]
Event: 1.541 Thread 0x000002c67be27ce0 Exception <a 'java/lang/NoSuchMethodError'{0x000000071930f560}: 'long java.lang.invoke.Invokers$Holder.invokeExact_MT(java.lang.Object, java.lang.Object)'> (0x000000071930f560) 
thrown [s\src\hotspot\share\interpreter\linkResolver.cpp, line 773]
Event: 1.553 Thread 0x000002c67be27ce0 Exception <a 'java/lang/NoSuchMethodError'{0x0000000719366ed0}: 'void java.lang.invoke.DirectMethodHandle$Holder.invokeInterface(java.lang.Object, java.lang.Object, java.lang.Object, java.lang.Object)'> (0x0000000719366ed0) 
thrown [s\src\hotspot\share\interpreter\linkResolver.cpp, line 773]
Event: 1.553 Thread 0x000002c67be27ce0 Exception <a 'java/lang/IncompatibleClassChangeError'{0x000000071936a7e8}: Found class java.lang.Object, but interface was expected> (0x000000071936a7e8) 
thrown [s\src\hotspot\share\interpreter\linkResolver.cpp, line 840]
Event: 1.555 Thread 0x000002c67be27ce0 Exception <a 'java/lang/NoSuchMethodError'{0x000000071938b4f8}: 'void java.lang.invoke.DirectMethodHandle$Holder.invokeStatic(java.lang.Object, java.lang.Object, java.lang.Object, java.lang.Object)'> (0x000000071938b4f8) 
thrown [s\src\hotspot\share\interpreter\linkResolver.cpp, line 773]
Event: 1.565 Thread 0x000002c67be27ce0 Exception <a 'java/lang/NoSuchMethodError'{0x0000000719016f58}: 'java.lang.Object java.lang.invoke.Invokers$Holder.invokeExact_MT(java.lang.Object, java.lang.Object, java.lang.Object, java.lang.Object, java.lang.Object, java.lang.Object)'> (0x0000000719016f58) 
thrown [s\src\hotspot\share\interpreter\linkResolver.cpp, line 773]
Event: 1.566 Thread 0x000002c67be27ce0 Exception <a 'java/lang/NoSuchMethodError'{0x0000000719024c00}: 'int java.lang.invoke.DirectMethodHandle$Holder.invokeStatic(java.lang.Object, java.lang.Object, java.lang.Object, java.lang.Object, java.lang.Object)'> (0x0000000719024c00) 
thrown [s\src\hotspot\share\interpreter\linkResolver.cpp, line 773]
Event: 1.574 Thread 0x000002c67be27ce0 Exception <a 'java/lang/NoSuchMethodError'{0x000000071907cb38}: 'void java.lang.invoke.DirectMethodHandle$Holder.invokeStaticInit(java.lang.Object)'> (0x000000071907cb38) 
thrown [s\src\hotspot\share\interpreter\linkResolver.cpp, line 773]
Event: 1.585 Thread 0x000002c67be27ce0 Exception <a 'java/lang/NoSuchMethodError'{0x0000000719152f48}: 'void java.lang.invoke.DirectMethodHandle$Holder.invokeStaticInit(java.lang.Object, java.lang.Object, java.lang.Object, java.lang.Object)'> (0x0000000719152f48) 
thrown [s\src\hotspot\share\interpreter\linkResolver.cpp, line 773]
Event: 1.595 Thread 0x000002c67be27ce0 Exception <a 'java/lang/NoSuchMethodError'{0x00000007191c6270}: 'int java.lang.invoke.DirectMethodHandle$Holder.invokeStaticInit(java.lang.Object, java.lang.Object)'> (0x00000007191c6270) 
thrown [s\src\hotspot\share\interpreter\linkResolver.cpp, line 773]

ZGC Phase Switch (0 events):
No events

VM Operations (15 events):
Event: 0.965 Executing VM operation: HandshakeAllThreads (Deoptimize)
Event: 0.965 Executing VM operation: HandshakeAllThreads (Deoptimize) done
Event: 1.150 Executing VM operation: HandshakeAllThreads (Deoptimize)
Event: 1.150 Executing VM operation: HandshakeAllThreads (Deoptimize) done
Event: 1.429 Executing VM operation: HandshakeAllThreads (Deoptimize)
Event: 1.429 Executing VM operation: HandshakeAllThreads (Deoptimize) done
Event: 1.434 Executing VM operation: HandshakeAllThreads (Deoptimize)
Event: 1.434 Executing VM operation: HandshakeAllThreads (Deoptimize) done
Event: 1.474 Executing VM operation: G1CollectForAllocation (G1 Evacuation Pause)
Event: 1.478 Executing VM operation: G1CollectForAllocation (G1 Evacuation Pause) done
Event: 1.535 Executing VM operation: HandshakeAllThreads (Deoptimize)
Event: 1.535 Executing VM operation: HandshakeAllThreads (Deoptimize) done
Event: 1.539 Executing VM operation: HandshakeAllThreads (Deoptimize)
Event: 1.539 Executing VM operation: HandshakeAllThreads (Deoptimize) done
Event: 2.540 Executing VM operation: Cleanup

Memory protections (0 events):
No events

Nmethod flushes (0 events):
No events

Events (14 events):
Event: 0.935 Thread 0x000002c67be27ce0 Thread added: 0x000002c67be27ce0
Event: 0.945 Thread 0x000002c67be27ce0 Thread added: 0x000002c61d78a410
Event: 0.946 Thread 0x000002c67be27ce0 Thread added: 0x000002c61d78ce70
Event: 0.946 Thread 0x000002c67be27ce0 Thread added: 0x000002c61d78d8c0
Event: 0.946 Thread 0x000002c67be27ce0 Thread added: 0x000002c61d792320
Event: 0.946 Thread 0x000002c67be27ce0 Thread added: 0x000002c61d792d70
Event: 0.946 Thread 0x000002c67be27ce0 Thread added: 0x000002c61d7937c0
Event: 0.946 Thread 0x000002c67be27ce0 Thread added: 0x000002c61d796550
Event: 0.946 Thread 0x000002c67be27ce0 Thread added: 0x000002c61d796fe0
Event: 0.956 Thread 0x000002c67be27ce0 Thread added: 0x000002c61d900470
Event: 0.957 Thread 0x000002c67be27ce0 Thread added: 0x000002c61d904ae0
Event: 1.022 Thread 0x000002c61d796fe0 Thread added: 0x000002c61dbaade0
Event: 1.160 Thread 0x000002c67be27ce0 Thread added: 0x000002c6631ee450
Event: 1.168 Thread 0x000002c67be27ce0 Thread added: 0x000002c6633a4910


Dynamic libraries:
0x00007ff6bb610000 - 0x00007ff6bb61e000 	C:\Program Files\Microsoft\jdk-21.0.5.11-hotspot\bin\java.exe
0x00007ff8b8940000 - 0x00007ff8b8ba9000 	C:\WINDOWS\SYSTEM32\ntdll.dll
0x00007ff8b6c10000 - 0x00007ff8b6cd9000 	C:\WINDOWS\System32\KERNEL32.DLL
0x00007ff8b5e20000 - 0x00007ff8b6213000 	C:\WINDOWS\System32\KERNELBASE.dll
0x00007ff8b5cd0000 - 0x00007ff8b5e1b000 	C:\WINDOWS\System32\ucrtbase.dll
0x00007ff8aff60000 - 0x00007ff8aff78000 	C:\Program Files\Microsoft\jdk-21.0.5.11-hotspot\bin\jli.dll
0x00007ff89fc10000 - 0x00007ff89fc2d000 	C:\Program Files\Microsoft\jdk-21.0.5.11-hotspot\bin\VCRUNTIME140.dll
0x00007ff8b7720000 - 0x00007ff8b78e4000 	C:\WINDOWS\System32\USER32.dll
0x00007ff8b62e0000 - 0x00007ff8b6307000 	C:\WINDOWS\System32\win32u.dll
0x00007ff8a2fa0000 - 0x00007ff8a3233000 	C:\WINDOWS\WinSxS\amd64_microsoft.windows.common-controls_6595b64144ccf1df_6.0.26100.5074_none_3e0d6f78e32fd63f\COMCTL32.dll
0x00007ff8b70b0000 - 0x00007ff8b70db000 	C:\WINDOWS\System32\GDI32.dll
0x00007ff8b7340000 - 0x00007ff8b73e9000 	C:\WINDOWS\System32\msvcrt.dll
0x00007ff8b63c0000 - 0x00007ff8b64ed000 	C:\WINDOWS\System32\gdi32full.dll
0x00007ff8b6310000 - 0x00007ff8b63b3000 	C:\WINDOWS\System32\msvcp_win.dll
0x00007ff8b6e60000 - 0x00007ff8b6e8f000 	C:\WINDOWS\System32\IMM32.DLL
0x00007ff89fc00000 - 0x00007ff89fc0c000 	C:\Program Files\Microsoft\jdk-21.0.5.11-hotspot\bin\vcruntime140_1.dll
0x00007ff829af0000 - 0x00007ff829b7d000 	C:\Program Files\Microsoft\jdk-21.0.5.11-hotspot\bin\msvcp140.dll
0x00007ff82c320000 - 0x00007ff82d0b8000 	C:\Program Files\Microsoft\jdk-21.0.5.11-hotspot\bin\server\jvm.dll
0x00007ff8b7280000 - 0x00007ff8b7334000 	C:\WINDOWS\System32\ADVAPI32.dll
0x00007ff8b7c70000 - 0x00007ff8b7d16000 	C:\WINDOWS\System32\sechost.dll
0x00007ff8b7ff0000 - 0x00007ff8b8108000 	C:\WINDOWS\System32\RPCRT4.dll
0x00007ff8b73f0000 - 0x00007ff8b7464000 	C:\WINDOWS\System32\WS2_32.dll
0x00007ff8ae760000 - 0x00007ff8ae76b000 	C:\WINDOWS\SYSTEM32\VERSION.dll
0x00007ff8b5930000 - 0x00007ff8b598e000 	C:\WINDOWS\SYSTEM32\POWRPROF.dll
0x00007ff8ae720000 - 0x00007ff8ae755000 	C:\WINDOWS\SYSTEM32\WINMM.dll
0x00007ff8b5860000 - 0x00007ff8b5874000 	C:\WINDOWS\SYSTEM32\UMPDC.dll
0x00007ff8b4870000 - 0x00007ff8b488b000 	C:\WINDOWS\SYSTEM32\kernel.appcore.dll
0x00007ff89fbf0000 - 0x00007ff89fbfa000 	C:\Program Files\Microsoft\jdk-21.0.5.11-hotspot\bin\jimage.dll
0x00007ff8aaeb0000 - 0x00007ff8ab0f2000 	C:\WINDOWS\SYSTEM32\DBGHELP.DLL
0x00007ff8b78f0000 - 0x00007ff8b7c6b000 	C:\WINDOWS\System32\combase.dll
0x00007ff8b70e0000 - 0x00007ff8b71b7000 	C:\WINDOWS\System32\OLEAUT32.dll
0x00007ff8a4ee0000 - 0x00007ff8a4f1d000 	C:\WINDOWS\SYSTEM32\dbgcore.DLL
0x00007ff8b6670000 - 0x00007ff8b6709000 	C:\WINDOWS\System32\bcryptPrimitives.dll
0x00007ff894ab0000 - 0x00007ff894ad0000 	C:\Program Files\Microsoft\jdk-21.0.5.11-hotspot\bin\java.dll
0x00007ff8b81b0000 - 0x00007ff8b88fd000 	C:\WINDOWS\System32\SHELL32.dll
0x00007ff8b5ad0000 - 0x00007ff8b5c3c000 	C:\WINDOWS\System32\wintypes.dll
0x00007ff8b3650000 - 0x00007ff8b3ea9000 	C:\WINDOWS\SYSTEM32\windows.storage.dll
0x00007ff8b7e70000 - 0x00007ff8b7f60000 	C:\WINDOWS\System32\SHCORE.dll
0x00007ff8b7f80000 - 0x00007ff8b7fe2000 	C:\WINDOWS\System32\shlwapi.dll
0x00007ff8b59f0000 - 0x00007ff8b5a19000 	C:\WINDOWS\SYSTEM32\profapi.dll
0x00007ff82c200000 - 0x00007ff82c2d7000 	C:\Program Files\Microsoft\jdk-21.0.5.11-hotspot\bin\jsvml.dll
0x00007ff88cea0000 - 0x00007ff88ceb0000 	C:\Program Files\Microsoft\jdk-21.0.5.11-hotspot\bin\net.dll
0x00007ff8b0440000 - 0x00007ff8b055f000 	C:\WINDOWS\SYSTEM32\WINHTTP.dll
0x00007ff8b4dd0000 - 0x00007ff8b4e3b000 	C:\WINDOWS\system32\mswsock.dll
0x00007ff84f6d0000 - 0x00007ff84f6e6000 	C:\Program Files\Microsoft\jdk-21.0.5.11-hotspot\bin\nio.dll
0x00007ff84f6a0000 - 0x00007ff84f6b8000 	C:\Program Files\Microsoft\jdk-21.0.5.11-hotspot\bin\zip.dll
0x00007ff844060000 - 0x00007ff84406a000 	C:\Program Files\Microsoft\jdk-21.0.5.11-hotspot\bin\management.dll
0x00007ff82ec40000 - 0x00007ff82ec4b000 	C:\Program Files\Microsoft\jdk-21.0.5.11-hotspot\bin\management_ext.dll
0x00007ff8b7690000 - 0x00007ff8b7698000 	C:\WINDOWS\System32\PSAPI.DLL

dbghelp: loaded successfully - version: 4.0.5 - missing functions: none
symbol engine: initialized successfully - sym options: 0x614 - pdb path: .;C:\Program Files\Microsoft\jdk-21.0.5.11-hotspot\bin;C:\WINDOWS\SYSTEM32;C:\WINDOWS\WinSxS\amd64_microsoft.windows.common-controls_6595b64144ccf1df_6.0.26100.5074_none_3e0d6f78e32fd63f;C:\Program Files\Microsoft\jdk-21.0.5.11-hotspot\bin\server

VM Arguments:
java_command: C:\Users\20240057\AppData\Local\Temp\surefire18198874369960079738\surefirebooter-20250911172400546_3.jar C:\Users\20240057\AppData\Local\Temp\surefire18198874369960079738 2025-09-11T17-24-00_423-jvmRun1 surefire-20250911172400546_1tmp surefire_0-20250911172400546_2tmp
java_class_path (initial): C:\Users\20240057\AppData\Local\Temp\surefire18198874369960079738\surefirebooter-20250911172400546_3.jar
Launcher Type: SUN_STANDARD

[Global flags]
     intx CICompilerCount                          = 4                                         {product} {ergonomic}
     uint ConcGCThreads                            = 3                                         {product} {ergonomic}
     uint G1ConcRefinementThreads                  = 10                                        {product} {ergonomic}
   size_t G1HeapRegionSize                         = 2097152                                   {product} {ergonomic}
    uintx GCDrainStackTargetSize                   = 64                                        {product} {ergonomic}
   size_t InitialHeapSize                          = 257949696                                 {product} {ergonomic}
   size_t MarkStackSize                            = 4194304                                   {product} {ergonomic}
   size_t MaxHeapSize                              = 4127195136                                {product} {ergonomic}
   size_t MaxNewSize                               = 2474639360                                {product} {ergonomic}
   size_t MinHeapDeltaBytes                        = 2097152                                   {product} {ergonomic}
   size_t MinHeapSize                              = 8388608                                   {product} {ergonomic}
    uintx NonNMethodCodeHeapSize                   = 5839372                                {pd product} {ergonomic}
    uintx NonProfiledCodeHeapSize                  = 122909434                              {pd product} {ergonomic}
    uintx ProfiledCodeHeapSize                     = 122909434                              {pd product} {ergonomic}
    uintx ReservedCodeCacheSize                    = 251658240                              {pd product} {ergonomic}
     bool SegmentedCodeCache                       = true                                      {product} {ergonomic}
   size_t SoftMaxHeapSize                          = 4127195136                             {manageable} {ergonomic}
     bool UseCompressedOops                        = true                           {product lp64_product} {ergonomic}
     bool UseG1GC                                  = true                                      {product} {ergonomic}
     bool UseLargePagesIndividualAllocation        = false                                  {pd product} {ergonomic}

Logging:
Log output configuration:
 #0: stdout all=warning uptime,level,tags foldmultilines=false
 #1: stderr all=off uptime,level,tags foldmultilines=false

Environment Variables:
JAVA_HOME=C:\Program Files\Microsoft\jdk-21.0.5.11-hotspot\
PATH=C:\Program Files\PowerShell\7;C:\Program Files\Microsoft\jdk-21.0.5.11-hotspot\bin;C:\Python312\Scripts\;C:\Python312\;C:\Program Files (x86)\NVIDIA Corporation\PhysX\Common;C:\WINDOWS\system32;C:\WINDOWS;C:\WINDOWS\System32\Wbem;C:\WINDOWS\System32\WindowsPowerShell\v1.0\;C:\WINDOWS\System32\OpenSSH\;C:\Program Files\dotnet\;C:\Program Files\Microsoft VS Code\bin;C:\Program Files\Microsoft SQL Server\150\Tools\Binn\;C:\Program Files\Microsoft SQL Server\Client SDK\ODBC\170\Tools\Binn\;C:\src\Android\cmdline-tools\tools\bin;C:\src\Android\platform-tools;C:\src\Android\emulator;C:\Program Files\Git\cmd;C:\Program Files\PowerShell\7\;C:\Program Files\nodejs\;C:\ProgramData\chocolatey\bin;C:\Program Files\Azure Data Studio\bin;C:\MinGW\bin;C:\Program Files (x86)\Schneider Electric\EcoStruxure Machine Expert - Basic\;C:\Users\20240057\AppData\Local\Microsoft\WindowsApps;
USERNAME=20240057
LANG=en_US.UTF-8
OS=Windows_NT
PROCESSOR_IDENTIFIER=AMD64 Family 23 Model 96 Stepping 1, AuthenticAMD
TMP=C:\Users\20240057\AppData\Local\Temp
TEMP=C:\Users\20240057\AppData\Local\Temp




Periodic native trim disabled

---------------  S Y S T E M  ---------------

OS:
 Windows 11 , 64 bit Build 26100 (10.0.26100.5074)
OS uptime: 0 days 1:09 hours
Hyper-V role detected

CPU: total 12 (initial active 12) (12 cores per cpu, 2 threads per core) family 23 model 96 stepping 1 microcode 0x8600103, cx8, cmov, fxsr, ht, mmx, 3dnowpref, sse, sse2, sse3, ssse3, sse4a, sse4.1, sse4.2, popcnt, lzcnt, tsc, tscinvbit, avx, avx2, aes, clmul, bmi1, bmi2, adx, sha, fma, vzeroupper, clflush, clflushopt, hv, rdtscp, rdpid, f16c
Processor Information for the first 12 processors :
  Max Mhz: 3701, Current Mhz: 3701, Mhz Limit: 3701

Memory: 4k page, system-wide physical 15741M (5363M free)
TotalPageFile size 15741M (AvailPageFile size 4M)
current process WorkingSet (physical memory assigned to process): 90M, peak: 90M
current process commit charge ("private bytes"): 355M, peak: 355M

vm_info: OpenJDK 64-Bit Server VM (21.0.5+11-LTS) for windows-amd64 JRE (21.0.5+11-LTS), built on 2024-10-12T04:10:19Z by "MicrosoftCorporation" with unknown MS VC++:1939

END.
